<?xml version="1.0" encoding="UTF-8"?>
<data>
    <request>
        <type>City</type>
        <query>Berlin, Germany</query>
    </request>
    <current_condition>
        <observation_time>09:14 AM</observation_time>
        <temp_C>-1</temp_C>
        <temp_F>30</temp_F>
        <weatherCode>116</weatherCode>
        <weatherIconUrl>
            <![CDATA[http://cdn.worldweatheronline.net/images/wsymbols01_png_64/wsymbol_0002_sunny_intervals.png]]>
        </weatherIconUrl>
        <weatherDesc>
            <![CDATA[Partly Cloudy ]]>
        </weatherDesc>
        <windspeedMiles>5</windspeedMiles>
        <windspeedKmph>8</windspeedKmph>
        <winddirDegree>52</winddirDegree>
        <winddir16Point>NE</winddir16Point>
        <precipMM>0.0</precipMM>
        <humidity>88</humidity>
        <visibility>10</visibility>
        <pressure>1022</pressure>
        <cloudcover>31</cloudcover>
    </current_condition>
    <weather>
        <date>2015-02-05</date>
        <tempMaxC>2</tempMaxC>
        <tempMaxF>35</tempMaxF>
        <tempMinC>-4</tempMinC>
        <tempMinF>25</tempMinF>
        <windspeedMiles>8</windspeedMiles>
        <windspeedKmph>13</windspeedKmph>
        <winddirection>ENE</winddirection>
        <winddir16Point>ENE</winddir16Point>
        <winddirDegree>64</winddirDegree>
        <weatherCode>119</weatherCode>
        <weatherIconUrl>
        <![CDATA[http://cdn.worldweatheronline.net/images/wsymbols01_png_64/wsymbol_0003_white_cloud.png]]>
        </weatherIconUrl>
        <weatherDesc>
        <![CDATA[Cloudy ]]>
        </weatherDesc>
        <precipMM>0.0</precipMM>
    </weather>
    <weather>
        <date>2015-02-06</date>
        <tempMaxC>1</tempMaxC>
        <tempMaxF>34</tempMaxF>
        <tempMinC>-4</tempMinC>
        <tempMinF>25</tempMinF>
        <windspeedMiles>12</windspeedMiles>
        <windspeedKmph>19</windspeedKmph>
        <winddirection>ENE</winddirection>
        <winddir16Point>ENE</winddir16Point>
        <winddirDegree>59</winddirDegree>
        <weatherCode>113</weatherCode>
        <weatherIconUrl>
            <![CDATA[http://cdn.worldweatheronline.net/images/wsymbols01_png_64/wsymbol_0001_sunny.png]]>
        </weatherIconUrl>
        <weatherDesc>
            <![CDATA[Sunny]]>
        </weatherDesc>
        <precipMM>0.0</precipMM>
    </weather>
    <weather>
        <date>2015-02-07</date>
        <tempMaxC>2</tempMaxC>
        <tempMaxF>35</tempMaxF>
        <tempMinC>-3</tempMinC>
        <tempMinF>27</tempMinF>
        <windspeedMiles>16</windspeedMiles>
        <windspeedKmph>26</windspeedKmph>
        <winddirection>W</winddirection>
        <winddir16Point>W</winddir16Point>
        <winddirDegree>277</winddirDegree>
        <weatherCode>113</weatherCode>
        <weatherIconUrl>
            <![CDATA[http://cdn.worldweatheronline.net/images/wsymbols01_png_64/wsymbol_0001_sunny.png]]>
        </weatherIconUrl>
        <weatherDesc>
            <![CDATA[Sunny]]>
        </weatherDesc>
        <precipMM>0.6</precipMM>
    </weather>
    <weather>
        <date>2015-02-08</date>
        <tempMaxC>2</tempMaxC>
        <tempMaxF>35</tempMaxF>
        <tempMinC>-3</tempMinC>
        <tempMinF>26</tempMinF>
        <windspeedMiles>21</windspeedMiles>
        <windspeedKmph>34</windspeedKmph>
        <winddirection>NNW</winddirection>
        <winddir16Point>NNW</winddir16Point>
        <winddirDegree>345</winddirDegree>
        <weatherCode>176</weatherCode>
        <weatherIconUrl>
            <![CDATA[http://cdn.worldweatheronline.net/images/wsymbols01_png_64/wsymbol_0009_light_rain_showers.png]]>
        </weatherIconUrl>
        <weatherDesc>
            <![CDATA[Patchy rain nearby]]>
        </weatherDesc>
        <precipMM>0.2</precipMM>
    </weather>
</data>
